[Pay Order] Order payment failed, orderDTO = OrderDTO(orderId=1561173771145292500, buyerName=Aaron, buyerPhone=12345678901, buyerAddress=Canada, buyerOpenid=110110, orderAmount=180.00, orderStatus=2, payStatus=0, createTime=2019-06-22 03:22:49.0, updateTime=2019-06-29 03:31:39.0, orderDetailList=[OrderDetail(detailId=1561173771214619995, orderId=1561173771145292500, productId=a1, productName=test, productPrice=12.00, productQuantity=1, productIcon=/test, createTime=2019-06-22 03:22:49.0, updateTime=2019-06-22 03:22:49.0), OrderDetail(detailId=1561173771245145638, orderId=1561173771145292500, productId=a2, productName=test, productPrice=12.00, productQuantity=6, productIcon=/test, createTime=2019-06-22 03:22:49.0, updateTime=2019-06-22 03:22:49.0), OrderDetail(detailId=1561173771250631701, orderId=1561173771145292500, productId=a3, productName=test, productPrice=12.00, productQuantity=8, productIcon=/test, createTime=2019-06-22 03:22:49.0, updateTime=2019-06-22 03:22:49.0)])[Pay Order] Order payment failed, orderDTO = OrderDTO(orderId=1561173771145292500, buyerName=Aaron, buyerPhone=12345678901, buyerAddress=Canada, buyerOpenid=110110, orderAmount=180.00, orderStatus=0, payStatus=1, createTime=2019-06-22 03:22:49.0, updateTime=2019-06-29 03:51:09.0, orderDetailList=[OrderDetail(detailId=1561173771214619995, orderId=1561173771145292500, productId=a1, productName=test, productPrice=12.00, productQuantity=1, productIcon=/test, createTime=2019-06-22 03:22:49.0, updateTime=2019-06-22 03:22:49.0), OrderDetail(detailId=1561173771245145638, orderId=1561173771145292500, productId=a2, productName=test, productPrice=12.00, productQuantity=6, productIcon=/test, createTime=2019-06-22 03:22:49.0, updateTime=2019-06-22 03:22:49.0), OrderDetail(detailId=1561173771250631701, orderId=1561173771145292500, productId=a3, productName=test, productPrice=12.00, productQuantity=8, productIcon=/test, createTime=2019-06-22 03:22:49.0, updateTime=2019-06-22 03:22:49.0)])[Create Order] parameters are invalid, orderForm = OrderForm(name=null, phone=null, address=null, openid=null, items=null)Servlet.service() for servlet [dispatcherServlet] in context with path [/sell] threw exception [Request processing failed; nested exception is com.imooc.sell.exception.SellException: shopping card can not be empty] with root causecom.imooc.sell.exception.SellException: shopping card can not be empty
	at com.imooc.sell.controller.BuyerOrderController.create(BuyerOrderController.java:41)
	at sun.reflect.NativeMethodAccessorImpl.invoke0(Native Method)
	at sun.reflect.NativeMethodAccessorImpl.invoke(NativeMethodAccessorImpl.java:62)
	at sun.reflect.DelegatingMethodAccessorImpl.invoke(DelegatingMethodAccessorImpl.java:43)
	at java.lang.reflect.Method.invoke(Method.java:498)
	at org.springframework.web.method.support.InvocableHandlerMethod.doInvoke(InvocableHandlerMethod.java:189)
	at org.springframework.web.method.support.InvocableHandlerMethod.invokeForRequest(InvocableHandlerMethod.java:138)
	at org.springframework.web.servlet.mvc.method.annotation.ServletInvocableHandlerMethod.invokeAndHandle(ServletInvocableHandlerMethod.java:102)
	at org.springframework.web.servlet.mvc.method.annotation.RequestMappingHandlerAdapter.invokeHandlerMethod(RequestMappingHandlerAdapter.java:895)
	at org.springframework.web.servlet.mvc.method.annotation.RequestMappingHandlerAdapter.handleInternal(RequestMappingHandlerAdapter.java:800)
	at org.springframework.web.servlet.mvc.method.AbstractHandlerMethodAdapter.handle(AbstractHandlerMethodAdapter.java:87)
	at org.springframework.web.servlet.DispatcherServlet.doDispatch(DispatcherServlet.java:1038)
	at org.springframework.web.servlet.DispatcherServlet.doService(DispatcherServlet.java:942)
	at org.springframework.web.servlet.FrameworkServlet.processRequest(FrameworkServlet.java:1005)
	at org.springframework.web.servlet.FrameworkServlet.doPost(FrameworkServlet.java:908)
	at javax.servlet.http.HttpServlet.service(HttpServlet.java:660)
	at org.springframework.web.servlet.FrameworkServlet.service(FrameworkServlet.java:882)
	at javax.servlet.http.HttpServlet.service(HttpServlet.java:741)
	at org.apache.catalina.core.ApplicationFilterChain.internalDoFilter(ApplicationFilterChain.java:231)
	at org.apache.catalina.core.ApplicationFilterChain.doFilter(ApplicationFilterChain.java:166)
	at org.apache.tomcat.websocket.server.WsFilter.doFilter(WsFilter.java:53)
	at org.apache.catalina.core.ApplicationFilterChain.internalDoFilter(ApplicationFilterChain.java:193)
	at org.apache.catalina.core.ApplicationFilterChain.doFilter(ApplicationFilterChain.java:166)
	at org.springframework.web.filter.RequestContextFilter.doFilterInternal(RequestContextFilter.java:99)
	at org.springframework.web.filter.OncePerRequestFilter.doFilter(OncePerRequestFilter.java:107)
	at org.apache.catalina.core.ApplicationFilterChain.internalDoFilter(ApplicationFilterChain.java:193)
	at org.apache.catalina.core.ApplicationFilterChain.doFilter(ApplicationFilterChain.java:166)
	at org.springframework.web.filter.FormContentFilter.doFilterInternal(FormContentFilter.java:92)
	at org.springframework.web.filter.OncePerRequestFilter.doFilter(OncePerRequestFilter.java:107)
	at org.apache.catalina.core.ApplicationFilterChain.internalDoFilter(ApplicationFilterChain.java:193)
	at org.apache.catalina.core.ApplicationFilterChain.doFilter(ApplicationFilterChain.java:166)
	at org.springframework.web.filter.HiddenHttpMethodFilter.doFilterInternal(HiddenHttpMethodFilter.java:93)
	at org.springframework.web.filter.OncePerRequestFilter.doFilter(OncePerRequestFilter.java:107)
	at org.apache.catalina.core.ApplicationFilterChain.internalDoFilter(ApplicationFilterChain.java:193)
	at org.apache.catalina.core.ApplicationFilterChain.doFilter(ApplicationFilterChain.java:166)
	at org.springframework.web.filter.CharacterEncodingFilter.doFilterInternal(CharacterEncodingFilter.java:200)
	at org.springframework.web.filter.OncePerRequestFilter.doFilter(OncePerRequestFilter.java:107)
	at org.apache.catalina.core.ApplicationFilterChain.internalDoFilter(ApplicationFilterChain.java:193)
	at org.apache.catalina.core.ApplicationFilterChain.doFilter(ApplicationFilterChain.java:166)
	at org.apache.catalina.core.StandardWrapperValve.invoke(StandardWrapperValve.java:200)
	at org.apache.catalina.core.StandardContextValve.invoke(StandardContextValve.java:96)
	at org.apache.catalina.authenticator.AuthenticatorBase.invoke(AuthenticatorBase.java:490)
	at org.apache.catalina.core.StandardHostValve.invoke(StandardHostValve.java:139)
	at org.apache.catalina.valves.ErrorReportValve.invoke(ErrorReportValve.java:92)
	at org.apache.catalina.core.StandardEngineValve.invoke(StandardEngineValve.java:74)
	at org.apache.catalina.connector.CoyoteAdapter.service(CoyoteAdapter.java:343)
	at org.apache.coyote.http11.Http11Processor.service(Http11Processor.java:408)
	at org.apache.coyote.AbstractProcessorLight.process(AbstractProcessorLight.java:66)
	at org.apache.coyote.AbstractProtocol$ConnectionHandler.process(AbstractProtocol.java:834)
	at org.apache.tomcat.util.net.NioEndpoint$SocketProcessor.doRun(NioEndpoint.java:1415)
	at org.apache.tomcat.util.net.SocketProcessorBase.run(SocketProcessorBase.java:49)
	at java.util.concurrent.ThreadPoolExecutor.runWorker(ThreadPoolExecutor.java:1142)
	at java.util.concurrent.ThreadPoolExecutor$Worker.run(ThreadPoolExecutor.java:617)
	at org.apache.tomcat.util.threads.TaskThread$WrappingRunnable.run(TaskThread.java:61)
	at java.lang.Thread.run(Thread.java:745)
